21:17:52,689 ERROR SchemaExport:386 - Unsuccessful: create table TCALIFICATIONS (id bigint not null, calification double, state varchar(255), work_subject_id bigint not null, work_teacher_id bigint not null, enrollment_student_id bigint not null, enrollment_subject_id bigint not null, primary key (work_subject_id, work_teacher_id, id, enrollment_student_id, enrollment_subject_id))
21:17:52,691 ERROR SchemaExport:387 - objeto de sistema no puede ser modificado in statement [create table TCALIFICATIONS (id bigint not null, calification double, state varchar(255), work_subject_id bigint not null, work_teacher_id bigint not null, enrollment_student_id bigint not null, enrollment_subject_id bigint not null, primary key (work_subject_id, work_teacher_id, id, enrollment_student_id, enrollment_subject_id))]
21:17:52,692 ERROR SchemaExport:386 - Unsuccessful: create table TENROLL (student_id bigint, subject_id bigint, primary key (student_id, subject_id))
21:17:52,692 ERROR SchemaExport:387 - objeto de sistema no puede ser modificado in statement [create table TENROLL (student_id bigint, subject_id bigint, primary key (student_id, subject_id))]
21:17:52,694 ERROR SchemaExport:386 - Unsuccessful: create table TENROLL_TCALIFICATIONS (TENROLL_student_id bigint not null, TENROLL_subject_id bigint not null, califications_work_subject_id bigint not null, califications_work_teacher_id bigint not null, califications_id bigint not null, califications_enrollment_student_id bigint not null, califications_enrollment_subject_id bigint not null, primary key (TENROLL_student_id, TENROLL_subject_id, califications_work_subject_id, califications_work_teacher_id, califications_id, califications_enrollment_student_id, califications_enrollment_subject_id), unique (califications_work_subject_id, califications_work_teacher_id, califications_id, califications_enrollment_student_id, califications_enrollment_subject_id))
21:17:52,694 ERROR SchemaExport:387 - objeto de sistema no puede ser modificado in statement [create table TENROLL_TCALIFICATIONS (TENROLL_student_id bigint not null, TENROLL_subject_id bigint not null, califications_work_subject_id bigint not null, califications_work_teacher_id bigint not null, califications_id bigint not null, califications_enrollment_student_id bigint not null, califications_enrollment_subject_id bigint not null, primary key (TENROLL_student_id, TENROLL_subject_id, califications_work_subject_id, califications_work_teacher_id, califications_id, califications_enrollment_student_id, califications_enrollment_subject_id), unique (califications_work_subject_id, califications_work_teacher_id, califications_id, califications_enrollment_student_id, califications_enrollment_subject_id))]
21:17:52,695 ERROR SchemaExport:386 - Unsuccessful: create table TSUBJECTS (id bigint generated by default as identity (start with 1), creditos integer, curso varchar(255), name varchar(255), primary key (id))
21:17:52,695 ERROR SchemaExport:387 - objeto de sistema no puede ser modificado in statement [create table TSUBJECTS (id bigint generated by default as identity (start with 1), creditos integer, curso varchar(255), name varchar(255), primary key (id))]
21:17:52,696 ERROR SchemaExport:386 - Unsuccessful: create table TUSERS (DTYPE varchar(31) not null, id bigint generated by default as identity (start with 1), email varchar(255), name varchar(255), password varchar(255), state varchar(255), surname varchar(255), userName varchar(255), primary key (id))
21:17:52,696 ERROR SchemaExport:387 - objeto de sistema no puede ser modificado in statement [create table TUSERS (DTYPE varchar(31) not null, id bigint generated by default as identity (start with 1), email varchar(255), name varchar(255), password varchar(255), state varchar(255), surname varchar(255), userName varchar(255), primary key (id))]
21:17:52,697 ERROR SchemaExport:386 - Unsuccessful: create table TWORKS (subject_id bigint, teacher_id bigint, primary key (subject_id, teacher_id))
21:17:52,697 ERROR SchemaExport:387 - objeto de sistema no puede ser modificado in statement [create table TWORKS (subject_id bigint, teacher_id bigint, primary key (subject_id, teacher_id))]
21:17:52,699 ERROR SchemaExport:386 - Unsuccessful: create table TWORKS_TCALIFICATIONS (TWORKS_subject_id bigint not null, TWORKS_teacher_id bigint not null, califications_work_subject_id bigint not null, califications_work_teacher_id bigint not null, califications_id bigint not null, califications_enrollment_student_id bigint not null, califications_enrollment_subject_id bigint not null, primary key (TWORKS_subject_id, TWORKS_teacher_id, califications_work_subject_id, califications_work_teacher_id, califications_id, califications_enrollment_student_id, califications_enrollment_subject_id), unique (califications_work_subject_id, califications_work_teacher_id, califications_id, califications_enrollment_student_id, califications_enrollment_subject_id))
21:17:52,699 ERROR SchemaExport:387 - objeto de sistema no puede ser modificado in statement [create table TWORKS_TCALIFICATIONS (TWORKS_subject_id bigint not null, TWORKS_teacher_id bigint not null, califications_work_subject_id bigint not null, califications_work_teacher_id bigint not null, califications_id bigint not null, califications_enrollment_student_id bigint not null, califications_enrollment_subject_id bigint not null, primary key (TWORKS_subject_id, TWORKS_teacher_id, califications_work_subject_id, califications_work_teacher_id, califications_id, califications_enrollment_student_id, califications_enrollment_subject_id), unique (califications_work_subject_id, califications_work_teacher_id, califications_id, califications_enrollment_student_id, califications_enrollment_subject_id))]
21:17:52,699 ERROR SchemaExport:386 - Unsuccessful: alter table TCALIFICATIONS add constraint FKCFDCEC2F539E0E07 foreign key (enrollment_student_id, enrollment_subject_id) references TENROLL
21:17:52,699 ERROR SchemaExport:387 - objeto de sistema no puede ser modificado: INFORMATION_SCHEMA
21:17:52,700 ERROR SchemaExport:386 - Unsuccessful: alter table TCALIFICATIONS add constraint FKCFDCEC2F1A0EB7A9 foreign key (work_subject_id, work_teacher_id) references TWORKS
21:17:52,700 ERROR SchemaExport:387 - objeto de sistema no puede ser modificado: INFORMATION_SCHEMA
21:17:52,700 ERROR SchemaExport:386 - Unsuccessful: alter table TENROLL add constraint FKD5BB75FAD1B1EA1A foreign key (subject_id) references TSUBJECTS
21:17:52,701 ERROR SchemaExport:387 - objeto de sistema no puede ser modificado: INFORMATION_SCHEMA
21:17:52,701 ERROR SchemaExport:386 - Unsuccessful: alter table TENROLL add constraint FKD5BB75FAB5AD9BBA foreign key (student_id) references TUSERS
21:17:52,701 ERROR SchemaExport:387 - objeto de sistema no puede ser modificado: INFORMATION_SCHEMA
21:17:52,702 ERROR SchemaExport:386 - Unsuccessful: alter table TENROLL_TCALIFICATIONS add constraint FKB807F114E588AC5B foreign key (TENROLL_student_id, TENROLL_subject_id) references TENROLL
21:17:52,702 ERROR SchemaExport:387 - objeto de sistema no puede ser modificado: INFORMATION_SCHEMA
21:17:52,702 ERROR SchemaExport:386 - Unsuccessful: alter table TENROLL_TCALIFICATIONS add constraint FKB807F11421769F79 foreign key (califications_work_subject_id, califications_work_teacher_id, califications_id, califications_enrollment_student_id, califications_enrollment_subject_id) references TCALIFICATIONS
21:17:52,703 ERROR SchemaExport:387 - objeto de sistema no puede ser modificado: INFORMATION_SCHEMA
21:17:52,703 ERROR SchemaExport:386 - Unsuccessful: alter table TWORKS add constraint FK9446378ED1B1EA1A foreign key (subject_id) references TSUBJECTS
21:17:52,703 ERROR SchemaExport:387 - objeto de sistema no puede ser modificado: INFORMATION_SCHEMA
21:17:52,704 ERROR SchemaExport:386 - Unsuccessful: alter table TWORKS add constraint FK9446378EC648E65A foreign key (teacher_id) references TUSERS
21:17:52,704 ERROR SchemaExport:387 - objeto de sistema no puede ser modificado: INFORMATION_SCHEMA
21:17:52,704 ERROR SchemaExport:386 - Unsuccessful: alter table TWORKS_TCALIFICATIONS add constraint FK34D755007083E6F foreign key (TWORKS_subject_id, TWORKS_teacher_id) references TWORKS
21:17:52,705 ERROR SchemaExport:387 - objeto de sistema no puede ser modificado: INFORMATION_SCHEMA
21:17:52,705 ERROR SchemaExport:386 - Unsuccessful: alter table TWORKS_TCALIFICATIONS add constraint FK34D7550021769F79 foreign key (califications_work_subject_id, califications_work_teacher_id, califications_id, califications_enrollment_student_id, califications_enrollment_subject_id) references TCALIFICATIONS
21:17:52,705 ERROR SchemaExport:387 - objeto de sistema no puede ser modificado: INFORMATION_SCHEMA
16:46:39,137 ERROR SchemaExport:386 - Unsuccessful: create table TCALIFICATIONS (id bigint not null, calification double, state varchar(255), enrollment_id bigint, work_id bigint, primary key (id))
16:46:39,180 ERROR SchemaExport:387 - nombre del objeto ya existe: TCALIFICATIONS in statement [create table TCALIFICATIONS (id bigint not null, calification double, state varchar(255), enrollment_id bigint, work_id bigint, primary key (id))]
16:46:39,182 ERROR SchemaExport:386 - Unsuccessful: create table TENROLL (id bigint generated by default as identity (start with 1), student_id bigint, subject_id bigint, primary key (id))
16:46:39,182 ERROR SchemaExport:387 - nombre del objeto ya existe: TENROLL in statement [create table TENROLL (id bigint generated by default as identity (start with 1), student_id bigint, subject_id bigint, primary key (id))]
16:46:39,186 ERROR SchemaExport:386 - Unsuccessful: create table TWORKS (id bigint generated by default as identity (start with 1), subject_id bigint, teacher_id bigint, primary key (id))
16:46:39,186 ERROR SchemaExport:387 - nombre del objeto ya existe: TWORKS in statement [create table TWORKS (id bigint generated by default as identity (start with 1), subject_id bigint, teacher_id bigint, primary key (id))]
16:46:39,187 ERROR SchemaExport:386 - Unsuccessful: alter table TCALIFICATIONS add constraint FKCFDCEC2FB7F63F5A foreign key (enrollment_id) references TENROLL
16:46:39,187 ERROR SchemaExport:387 - usuario no tiene privilegios suficientes o objeto no encontrado: ENROLLMENT_ID
16:46:39,188 ERROR SchemaExport:386 - Unsuccessful: alter table TCALIFICATIONS add constraint FKCFDCEC2F1908E930 foreign key (work_id) references TWORKS
16:46:39,188 ERROR SchemaExport:387 - usuario no tiene privilegios suficientes o objeto no encontrado: WORK_ID
17:05:16,048 ERROR SchemaExport:386 - Unsuccessful: create table TCALIFICATIONS (id bigint not null, calification double, state varchar(255), enrollment_student_id bigint, enrollment_subject_id bigint, work_subject_id bigint, work_teacher_id bigint, primary key (id))
17:05:16,050 ERROR SchemaExport:387 - nombre del objeto ya existe: TCALIFICATIONS in statement [create table TCALIFICATIONS (id bigint not null, calification double, state varchar(255), enrollment_student_id bigint, enrollment_subject_id bigint, work_subject_id bigint, work_teacher_id bigint, primary key (id))]
17:05:16,051 ERROR SchemaExport:386 - Unsuccessful: create table TENROLL (student_id bigint, subject_id bigint, primary key (student_id, subject_id))
17:05:16,051 ERROR SchemaExport:387 - nombre del objeto ya existe: TENROLL in statement [create table TENROLL (student_id bigint, subject_id bigint, primary key (student_id, subject_id))]
17:05:16,053 ERROR SchemaExport:386 - Unsuccessful: create table TWORKS (subject_id bigint, teacher_id bigint, primary key (subject_id, teacher_id))
17:05:16,053 ERROR SchemaExport:387 - nombre del objeto ya existe: TWORKS in statement [create table TWORKS (subject_id bigint, teacher_id bigint, primary key (subject_id, teacher_id))]
17:06:07,153 ERROR SchemaExport:386 - Unsuccessful: create table TCALIFICATIONS (id bigint not null, calification double, state varchar(255), enrollment_student_id bigint, enrollment_subject_id bigint, work_subject_id bigint, work_teacher_id bigint, primary key (id))
17:06:07,156 ERROR SchemaExport:387 - nombre del objeto ya existe: TCALIFICATIONS in statement [create table TCALIFICATIONS (id bigint not null, calification double, state varchar(255), enrollment_student_id bigint, enrollment_subject_id bigint, work_subject_id bigint, work_teacher_id bigint, primary key (id))]
17:06:07,157 ERROR SchemaExport:386 - Unsuccessful: create table TENROLL (student_id bigint, subject_id bigint, primary key (student_id, subject_id))
17:06:07,157 ERROR SchemaExport:387 - nombre del objeto ya existe: TENROLL in statement [create table TENROLL (student_id bigint, subject_id bigint, primary key (student_id, subject_id))]
17:06:07,159 ERROR SchemaExport:386 - Unsuccessful: create table TWORKS (subject_id bigint, teacher_id bigint, primary key (subject_id, teacher_id))
17:06:07,159 ERROR SchemaExport:387 - nombre del objeto ya existe: TWORKS in statement [create table TWORKS (subject_id bigint, teacher_id bigint, primary key (subject_id, teacher_id))]
17:06:57,129 ERROR SchemaExport:386 - Unsuccessful: create table TCALIFICATIONS (id bigint not null, calification double, state varchar(255), enrollment_student_id bigint, enrollment_subject_id bigint, work_subject_id bigint, work_teacher_id bigint, primary key (id))
17:06:57,131 ERROR SchemaExport:387 - nombre del objeto ya existe: TCALIFICATIONS in statement [create table TCALIFICATIONS (id bigint not null, calification double, state varchar(255), enrollment_student_id bigint, enrollment_subject_id bigint, work_subject_id bigint, work_teacher_id bigint, primary key (id))]
17:06:57,132 ERROR SchemaExport:386 - Unsuccessful: create table TENROLL (student_id bigint, subject_id bigint, primary key (student_id, subject_id))
17:06:57,132 ERROR SchemaExport:387 - nombre del objeto ya existe: TENROLL in statement [create table TENROLL (student_id bigint, subject_id bigint, primary key (student_id, subject_id))]
17:06:57,134 ERROR SchemaExport:386 - Unsuccessful: create table TWORKS (subject_id bigint, teacher_id bigint, primary key (subject_id, teacher_id))
17:06:57,134 ERROR SchemaExport:387 - nombre del objeto ya existe: TWORKS in statement [create table TWORKS (subject_id bigint, teacher_id bigint, primary key (subject_id, teacher_id))]
17:11:54,090 ERROR SchemaExport:386 - Unsuccessful: create table TCALIFICATIONS (id bigint not null, calification double, state varchar(255), enrollment_student_id bigint, enrollment_subject_id bigint, work_subject_id bigint, work_teacher_id bigint, primary key (id))
17:11:54,092 ERROR SchemaExport:387 - nombre del objeto ya existe: TCALIFICATIONS in statement [create table TCALIFICATIONS (id bigint not null, calification double, state varchar(255), enrollment_student_id bigint, enrollment_subject_id bigint, work_subject_id bigint, work_teacher_id bigint, primary key (id))]
17:11:54,093 ERROR SchemaExport:386 - Unsuccessful: create table TENROLL (student_id bigint, subject_id bigint, primary key (student_id, subject_id))
17:11:54,093 ERROR SchemaExport:387 - nombre del objeto ya existe: TENROLL in statement [create table TENROLL (student_id bigint, subject_id bigint, primary key (student_id, subject_id))]
17:11:54,095 ERROR SchemaExport:386 - Unsuccessful: create table TWORKS (subject_id bigint, teacher_id bigint, primary key (subject_id, teacher_id))
17:11:54,095 ERROR SchemaExport:387 - nombre del objeto ya existe: TWORKS in statement [create table TWORKS (subject_id bigint, teacher_id bigint, primary key (subject_id, teacher_id))]
17:13:34,178 ERROR SchemaExport:386 - Unsuccessful: create table TCALIFICATIONS (id bigint not null, calification double, state varchar(255), enrollment_student_id bigint, enrollment_subject_id bigint, work_subject_id bigint, work_teacher_id bigint, primary key (id))
17:13:34,181 ERROR SchemaExport:387 - objeto de sistema no puede ser modificado in statement [create table TCALIFICATIONS (id bigint not null, calification double, state varchar(255), enrollment_student_id bigint, enrollment_subject_id bigint, work_subject_id bigint, work_teacher_id bigint, primary key (id))]
17:13:34,182 ERROR SchemaExport:386 - Unsuccessful: create table TENROLL (student_id bigint, subject_id bigint, primary key (student_id, subject_id))
17:13:34,182 ERROR SchemaExport:387 - objeto de sistema no puede ser modificado in statement [create table TENROLL (student_id bigint, subject_id bigint, primary key (student_id, subject_id))]
17:13:34,183 ERROR SchemaExport:386 - Unsuccessful: create table TSUBJECTS (id bigint generated by default as identity (start with 1), creditos integer, curso varchar(255), name varchar(255), primary key (id))
17:13:34,183 ERROR SchemaExport:387 - objeto de sistema no puede ser modificado in statement [create table TSUBJECTS (id bigint generated by default as identity (start with 1), creditos integer, curso varchar(255), name varchar(255), primary key (id))]
17:13:34,185 ERROR SchemaExport:386 - Unsuccessful: create table TUSERS (DTYPE varchar(31) not null, id bigint generated by default as identity (start with 1), email varchar(255), name varchar(255), password varchar(255), state varchar(255), surname varchar(255), userName varchar(255), primary key (id))
17:13:34,185 ERROR SchemaExport:387 - objeto de sistema no puede ser modificado in statement [create table TUSERS (DTYPE varchar(31) not null, id bigint generated by default as identity (start with 1), email varchar(255), name varchar(255), password varchar(255), state varchar(255), surname varchar(255), userName varchar(255), primary key (id))]
17:13:34,186 ERROR SchemaExport:386 - Unsuccessful: create table TWORKS (subject_id bigint, teacher_id bigint, primary key (subject_id, teacher_id))
17:13:34,186 ERROR SchemaExport:387 - objeto de sistema no puede ser modificado in statement [create table TWORKS (subject_id bigint, teacher_id bigint, primary key (subject_id, teacher_id))]
17:13:34,186 ERROR SchemaExport:386 - Unsuccessful: alter table TCALIFICATIONS add constraint FKCFDCEC2F539E0E07 foreign key (enrollment_student_id, enrollment_subject_id) references TENROLL
17:13:34,187 ERROR SchemaExport:387 - objeto de sistema no puede ser modificado: INFORMATION_SCHEMA
17:13:34,187 ERROR SchemaExport:386 - Unsuccessful: alter table TCALIFICATIONS add constraint FKCFDCEC2F1A0EB7A9 foreign key (work_subject_id, work_teacher_id) references TWORKS
17:13:34,187 ERROR SchemaExport:387 - objeto de sistema no puede ser modificado: INFORMATION_SCHEMA
17:13:34,188 ERROR SchemaExport:386 - Unsuccessful: alter table TENROLL add constraint FKD5BB75FAD1B1EA1A foreign key (subject_id) references TSUBJECTS
17:13:34,188 ERROR SchemaExport:387 - objeto de sistema no puede ser modificado: INFORMATION_SCHEMA
17:13:34,188 ERROR SchemaExport:386 - Unsuccessful: alter table TENROLL add constraint FKD5BB75FAB5AD9BBA foreign key (student_id) references TUSERS
17:13:34,189 ERROR SchemaExport:387 - objeto de sistema no puede ser modificado: INFORMATION_SCHEMA
17:13:34,189 ERROR SchemaExport:386 - Unsuccessful: alter table TWORKS add constraint FK9446378ED1B1EA1A foreign key (subject_id) references TSUBJECTS
17:13:34,189 ERROR SchemaExport:387 - objeto de sistema no puede ser modificado: INFORMATION_SCHEMA
17:13:34,190 ERROR SchemaExport:386 - Unsuccessful: alter table TWORKS add constraint FK9446378EC648E65A foreign key (teacher_id) references TUSERS
17:13:34,190 ERROR SchemaExport:387 - objeto de sistema no puede ser modificado: INFORMATION_SCHEMA
